<?xml version="1.0" encoding="UTF-8"?>
<testsuite xmlns:xsi="http://www.w3.org/2001/XMLSchema-instance" xsi:noNamespaceSchemaLocation="https://maven.apache.org/surefire/maven-surefire-plugin/xsd/surefire-test-report.xsd" name="Project_K.com.Package.LoginPageTest" time="0.623" tests="3" errors="0" skipped="2" failures="1">
  <properties>
[...]
</properties>
  <testcase name="setUp" classname="Project_K.com.Package.LoginPageTest" time="0.381">
    <failure message="The driver executable must exist: /Users/vedant/Desktop/Project_SKY/drivers/chromedriver.exe" type="java.lang.IllegalStateException">java.lang.IllegalStateException: The driver executable must exist: /Users/vedant/Desktop/Project_SKY/drivers/chromedriver.exe
	at Project_K.com.Package.LoginPageTest.setUp(LoginPageTest.java:25)
</failure>
  </testcase>
  <testcase name="login" classname="Project_K.com.Package.LoginPageTest" time="0">
    <skipped message="The driver executable must exist: /Users/vedant/Desktop/Project_SKY/drivers/chromedriver.exe"/>
  </testcase>
  <testcase name="tearDown" classname="Project_K.com.Package.LoginPageTest" time="0">
    <skipped/>
  </testcase>
</testsuite>